<?xml version="1.0" encoding="UTF-8" standalone="yes"?>
<ns2:test-suite start="1519668124490" stop="1519668208162" version="1.5.0" xmlns:ns2="urn:model.allure.qatools.yandex.ru">
    <name>Яндекс Маркет Таск 2</name>
    <description type="text"></description>
    <test-cases>
        <test-case start="1519668124500" stop="1519668208162" status="broken">
            <name>Яндекс Маркет Заполнение формы</name>
            <title>Яндекс Маркет Заполнение формы</title>
            <description type="text"></description>
            <failure>
                <message>WebDriverException: chrome not reachable
  (Session info: chrome=64.0.3282.167)
  (Driver info: chromedriver=2.35.528161 (5b82f2d2aae0ca24b877009200ced9065a772e73),platform=Windows NT 6.1.7601 SP1 x86_64) (WARNING: The server did not provide any stacktrace information)
Command duration or timeout: 4.02 seconds
Build info: version: '3.4.0', revision: 'unknown', time: 'unknown'
System info: host: 'IVAN_PC', ip: '192.168.56.1', os.name: 'Windows 7', os.arch: 'amd64', os.version: '6.1', java.version: '1.8.0_161'
Driver info: org.openqa.selenium.chrome.ChromeDriver
Capabilities [{applicationCacheEnabled=false, rotatable=false, mobileEmulationEnabled=false, networkConnectionEnabled=false, chrome={chromedriverVersion=2.35.528161 (5b82f2d2aae0ca24b877009200ced9065a772e73), userDataDir=C:\Users\L&amp;VINC~1\AppData\Local\Temp\scoped_dir10788_27109}, takesHeapSnapshot=true, pageLoadStrategy=normal, databaseEnabled=false, handlesAlerts=true, hasTouchScreen=false, version=64.0.3282.167, platform=XP, browserConnectionEnabled=false, nativeEvents=true, acceptSslCerts=false, acceptInsecureCerts=false, locationContextEnabled=true, webStorageEnabled=true, browserName=chrome, takesScreenshot=true, javascriptEnabled=true, cssSelectorsEnabled=true, setWindowRect=true, unexpectedAlertBehaviour=}]
Session ID: 3366146b6cf95dc34119223853f0fcbe
*** Element info: {Using=xpath, value=/html/body/div[1]/div[4]/div[2]/div[2]/div/div[1]/div[1]/h1}</message>
                <stack-trace>org.openqa.selenium.WebDriverException: chrome not reachable
  (Session info: chrome=64.0.3282.167)
  (Driver info: chromedriver=2.35.528161 (5b82f2d2aae0ca24b877009200ced9065a772e73),platform=Windows NT 6.1.7601 SP1 x86_64) (WARNING: The server did not provide any stacktrace information)
Command duration or timeout: 4.02 seconds
Build info: version: '3.4.0', revision: 'unknown', time: 'unknown'
System info: host: 'IVAN_PC', ip: '192.168.56.1', os.name: 'Windows 7', os.arch: 'amd64', os.version: '6.1', java.version: '1.8.0_161'
Driver info: org.openqa.selenium.chrome.ChromeDriver
Capabilities [{applicationCacheEnabled=false, rotatable=false, mobileEmulationEnabled=false, networkConnectionEnabled=false, chrome={chromedriverVersion=2.35.528161 (5b82f2d2aae0ca24b877009200ced9065a772e73), userDataDir=C:\Users\L&amp;VINC~1\AppData\Local\Temp\scoped_dir10788_27109}, takesHeapSnapshot=true, pageLoadStrategy=normal, databaseEnabled=false, handlesAlerts=true, hasTouchScreen=false, version=64.0.3282.167, platform=XP, browserConnectionEnabled=false, nativeEvents=true, acceptSslCerts=false, acceptInsecureCerts=false, locationContextEnabled=true, webStorageEnabled=true, browserName=chrome, takesScreenshot=true, javascriptEnabled=true, cssSelectorsEnabled=true, setWindowRect=true, unexpectedAlertBehaviour=}]
Session ID: 3366146b6cf95dc34119223853f0fcbe
*** Element info: {Using=xpath, value=/html/body/div[1]/div[4]/div[2]/div[2]/div/div[1]/div[1]/h1}
	at sun.reflect.NativeConstructorAccessorImpl.newInstance0(Native Method)
	at sun.reflect.NativeConstructorAccessorImpl.newInstance(NativeConstructorAccessorImpl.java:62)
	at sun.reflect.DelegatingConstructorAccessorImpl.newInstance(DelegatingConstructorAccessorImpl.java:45)
	at java.lang.reflect.Constructor.newInstance(Constructor.java:423)
	at org.openqa.selenium.remote.ErrorHandler.createThrowable(ErrorHandler.java:215)
	at org.openqa.selenium.remote.ErrorHandler.throwIfResponseFailed(ErrorHandler.java:167)
	at org.openqa.selenium.remote.RemoteWebDriver.execute(RemoteWebDriver.java:671)
	at org.openqa.selenium.remote.RemoteWebDriver.findElements(RemoteWebDriver.java:437)
	at org.openqa.selenium.remote.RemoteWebDriver.findElementsByXPath(RemoteWebDriver.java:513)
	at org.openqa.selenium.By$ByXPath.findElements(By.java:356)
	at org.openqa.selenium.remote.RemoteWebDriver.findElements(RemoteWebDriver.java:398)
	at org.openqa.selenium.support.ui.ExpectedConditions.findElement(ExpectedConditions.java:882)
	at org.openqa.selenium.support.ui.ExpectedConditions.access$000(ExpectedConditions.java:44)
	at org.openqa.selenium.support.ui.ExpectedConditions$7.apply(ExpectedConditions.java:206)
	at org.openqa.selenium.support.ui.ExpectedConditions$7.apply(ExpectedConditions.java:202)
	at org.openqa.selenium.support.ui.FluentWait.until(FluentWait.java:209)
	at pages.Page.lambda$new$0(Page.java:37)
	at pages.MarketPage.getTitleElement(MarketPage.java:39)
	at steps.StepsDefinition.checkPresence(StepsDefinition.java:65)
	at ✽.И проверить что список содержит "МОДЕЛЬ"(task.feature:22)
</stack-trace>
            </failure>
            <steps>
                <step start="1519668124504" stop="1519668134033" status="passed">
                    <name>Дано открыта страница "https://yandex.ru/"</name>
                    <title>Дано открыта страница "https://yandex.ru/"</title>
                </step>
                <step start="1519668134043" stop="1519668167312" status="passed">
                    <name>Тогда нажать на "Маркет"</name>
                    <title>Тогда нажать на "Маркет"</title>
                </step>
                <step start="1519668167312" stop="1519668172500" status="passed">
                    <name>И нажать на "Электроника"</name>
                    <title>И нажать на "Электроника"</title>
                </step>
                <step start="1519668172500" stop="1519668179318" status="passed">
                    <name>И нажать на "Наушники"</name>
                    <title>И нажать на "Наушники"</title>
                </step>
                <step start="1519668179319" stop="1519668179548" status="passed">
                    <name>Если заполнить в секции "Цена" поле:</name>
                    <title>Если заполнить в секции "Цена" поле:</title>
                </step>
                <step start="1519668179549" stop="1519668179735" status="passed">
                    <name>И выбрать в секции "Производитель" чек-боксы:</name>
                    <title>И выбрать в секции "Производитель" чек-боксы:</title>
                </step>
                <step start="1519668179735" stop="1519668179960" status="passed">
                    <name>И нажать на "Применить"</name>
                    <title>И нажать на "Применить"</title>
                </step>
                <step start="1519668179960" stop="1519668179987" status="passed">
                    <name>Тогда проверить что элементов на странице "12"</name>
                    <title>Тогда проверить что элементов на странице "12"</title>
                </step>
                <step start="1519668179987" stop="1519668180034" status="passed">
                    <name>Если у первого элемента в списке запомнить "МОДЕЛЬ"</name>
                    <title>Если у первого элемента в списке запомнить "МОДЕЛЬ"</title>
                </step>
                <step start="1519668180034" stop="1519668181514" status="passed">
                    <name>Тогда заполнить в секции "Поиск" поле:</name>
                    <title>Тогда заполнить в секции "Поиск" поле:</title>
                </step>
                <step start="1519668181515" stop="1519668187596" status="passed">
                    <name>И нажать на "Найти"</name>
                    <title>И нажать на "Найти"</title>
                </step>
                <step start="1519668187596" stop="1519668208161" status="broken">
                    <name>И проверить что список содержит "МОДЕЛЬ"</name>
                    <title>И проверить что список содержит "МОДЕЛЬ"</title>
                </step>
            </steps>
            <attachments/>
            <labels>
                <label name="story" value="Яндекс Маркет Заполнение формы"/>
                <label name="feature" value="Яндекс Маркет Таск 2"/>
                <label name="host" value="Ivan_PC"/>
                <label name="thread" value="6460@Ivan_PC.main(1)"/>
                <label name="framework" value="CucumberJVM"/>
            </labels>
        </test-case>
    </test-cases>
    <labels>
        <label name="feature" value="Яндекс Маркет Таск 2"/>
        <label name="language" value="JAVA"/>
    </labels>
</ns2:test-suite>
